<?xml version="1.0" encoding="UTF-8"?>
<!-- Generated by org.testng.reporters.JUnitXMLReporter -->
<testsuite ignored="0" hostname="DESKTOP-UV55T36" failures="0" tests="4" name="Surefire test" time="20.735" errors="0" timestamp="2025-03-04T11:20:12 IST">
  <testcase classname="Tests.Test3" name="test" time="0.191"/>
  <testcase classname="Tests.TestDemo" name="test" time="0.138"/>
  <testcase classname="Tests2.hh" name="tt" time="0.002"/>
  <testcase classname="Tests2.MyTest" name="te" time="5.771"/>
</testsuite> <!-- Surefire test -->
