<?xml version="1.0" encoding="UTF-8"?>
<!-- Generated by org.testng.reporters.JUnitXMLReporter -->
<testsuite ignored="0" hostname="DESKTOP-UV55T36" failures="0" tests="4" name="Surefire test" time="29.575" errors="0" timestamp="2025-03-04T12:43:52 IST">
  <testcase classname="Tests.Test3" name="test" time="0.319"/>
  <testcase classname="Tests.TestDemo" name="test" time="0.294"/>
  <testcase classname="Tests2.hh" name="tt" time="0.001"/>
  <testcase classname="Tests2.MyTest" name="te" time="0.168"/>
</testsuite> <!-- Surefire test -->
