<?xml version="1.0" encoding="UTF-8"?>
<!-- Generated by org.testng.reporters.JUnitXMLReporter -->
<testsuite ignored="0" hostname="DESKTOP-UV55T36" failures="0" tests="4" name="Test" time="44.987" errors="0" timestamp="2025-03-04T12:29:03 IST">
  <testcase classname="Tests.TestDemo" name="test" time="0.187"/>
  <testcase classname="Tests.Test3" name="test" time="0.276"/>
  <testcase classname="Tests2.hh" name="tt" time="0.004"/>
  <testcase classname="Tests2.MyTest" name="te" time="24.111"/>
</testsuite> <!-- Test -->
