<?xml version="1.0" encoding="UTF-8"?>
<!-- Generated by org.testng.reporters.JUnitXMLReporter -->
<testsuite ignored="0" hostname="DESKTOP-UV55T36" failures="0" tests="4" name="Test" time="24.693" errors="0" timestamp="2025-03-15T19:50:37 IST">
  <testcase classname="Tests.TestDemo" name="test" time="0.172"/>
  <testcase classname="Tests.Test3" name="test" time="0.164"/>
  <testcase classname="Tests2.hh" name="tt" time="0.002"/>
  <testcase classname="Tests2.MyTest" name="te" time="3.526"/>
</testsuite> <!-- Test -->
