<?xml version="1.0" encoding="UTF-8"?>
<testng-results ignored="0" total="4" passed="4" failed="0" skipped="0">
  <reporter-output>
  </reporter-output>
  <suite started-at="2025-03-04T12:49:24 IST" name="Suite" finished-at="2025-03-04T12:49:51 IST" duration-ms="26725">
    <groups>
    </groups>
    <test started-at="2025-03-04T12:49:24 IST" name="Test" finished-at="2025-03-04T12:49:51 IST" duration-ms="26725">
      <class name="Tests.Test3">
        <test-method is-config="true" signature="set()[pri:0, instance:Tests.Test3@752325ad]" started-at="2025-03-04T12:49:31 IST" name="set" finished-at="2025-03-04T12:49:35 IST" duration-ms="4971" status="PASS">
          <reporter-output>
          </reporter-output>
        </test-method> <!-- set -->
        <test-method signature="test()[pri:0, instance:Tests.Test3@752325ad]" started-at="2025-03-04T12:49:35 IST" name="test" finished-at="2025-03-04T12:49:36 IST" duration-ms="265" status="PASS">
          <reporter-output>
          </reporter-output>
        </test-method> <!-- test -->
        <test-method is-config="true" signature="down()[pri:0, instance:Tests.Test3@752325ad]" started-at="2025-03-04T12:49:36 IST" name="down" finished-at="2025-03-04T12:49:36 IST" duration-ms="1" status="PASS">
          <reporter-output>
          </reporter-output>
        </test-method> <!-- down -->
      </class> <!-- Tests.Test3 -->
      <class name="Tests2.hh">
        <test-method is-config="true" signature="set()[pri:0, instance:Tests2.hh@279fedbd]" started-at="2025-03-04T12:49:36 IST" name="set" finished-at="2025-03-04T12:49:40 IST" duration-ms="3783" status="PASS">
          <reporter-output>
          </reporter-output>
        </test-method> <!-- set -->
        <test-method signature="tt()[pri:0, instance:Tests2.hh@279fedbd]" started-at="2025-03-04T12:49:40 IST" name="tt" finished-at="2025-03-04T12:49:40 IST" duration-ms="1" status="PASS">
          <reporter-output>
          </reporter-output>
        </test-method> <!-- tt -->
        <test-method is-config="true" signature="down()[pri:0, instance:Tests2.hh@279fedbd]" started-at="2025-03-04T12:49:41 IST" name="down" finished-at="2025-03-04T12:49:41 IST" duration-ms="1" status="PASS">
          <reporter-output>
          </reporter-output>
        </test-method> <!-- down -->
      </class> <!-- Tests2.hh -->
      <class name="Tests.TestDemo">
        <test-method is-config="true" signature="set()[pri:0, instance:Tests.TestDemo@7a8c8dcf]" started-at="2025-03-04T12:49:25 IST" name="set" finished-at="2025-03-04T12:49:30 IST" duration-ms="5045" status="PASS">
          <reporter-output>
          </reporter-output>
        </test-method> <!-- set -->
        <test-method signature="test()[pri:0, instance:Tests.TestDemo@7a8c8dcf]" started-at="2025-03-04T12:49:30 IST" name="test" finished-at="2025-03-04T12:49:30 IST" duration-ms="237" status="PASS">
          <reporter-output>
          </reporter-output>
        </test-method> <!-- test -->
        <test-method is-config="true" signature="down()[pri:0, instance:Tests.TestDemo@7a8c8dcf]" started-at="2025-03-04T12:49:31 IST" name="down" finished-at="2025-03-04T12:49:31 IST" duration-ms="1" status="PASS">
          <reporter-output>
          </reporter-output>
        </test-method> <!-- down -->
      </class> <!-- Tests.TestDemo -->
      <class name="Tests2.MyTest">
        <test-method is-config="true" signature="set()[pri:0, instance:Tests2.MyTest@b3ca52e]" started-at="2025-03-04T12:49:41 IST" name="set" finished-at="2025-03-04T12:49:48 IST" duration-ms="6624" status="PASS">
          <reporter-output>
          </reporter-output>
        </test-method> <!-- set -->
        <test-method signature="te()[pri:0, instance:Tests2.MyTest@b3ca52e]" started-at="2025-03-04T12:49:48 IST" name="te" finished-at="2025-03-04T12:49:51 IST" duration-ms="3220" status="PASS">
          <reporter-output>
          </reporter-output>
        </test-method> <!-- te -->
        <test-method is-config="true" signature="down()[pri:0, instance:Tests2.MyTest@b3ca52e]" started-at="2025-03-04T12:49:51 IST" name="down" finished-at="2025-03-04T12:49:51 IST" duration-ms="4" status="PASS">
          <reporter-output>
          </reporter-output>
        </test-method> <!-- down -->
      </class> <!-- Tests2.MyTest -->
    </test> <!-- Test -->
  </suite> <!-- Suite -->
</testng-results>
