<?xml version="1.0" encoding="UTF-8"?>
<testsuite xmlns:xsi="http://www.w3.org/2001/XMLSchema-instance" xsi:noNamespaceSchemaLocation="https://maven.apache.org/surefire/maven-surefire-plugin/xsd/surefire-test-report-3.0.xsd" version="3.0" name="TestSuite" time="21.393" tests="4" errors="0" skipped="0" failures="0">
  <properties>
[...]
</properties>
  <testcase name="test" classname="Tests.Test3" time="0.193">
    <system-err><![CDATA[SLF4J: No SLF4J providers were found.
SLF4J: Defaulting to no-operation (NOP) logger implementation
SLF4J: See https://www.slf4j.org/codes.html#noProviders for further details.
SLF4J: Class path contains SLF4J bindings targeting slf4j-api versions 1.7.x or earlier.
SLF4J: Ignoring binding found at [jar:file:/C:/Users/DELL/.m2/repository/org/apache/logging/log4j/log4j-slf4j-impl/3.0.0-beta2/log4j-slf4j-impl-3.0.0-beta2.jar!/org/slf4j/impl/StaticLoggerBinder.class]
SLF4J: See https://www.slf4j.org/codes.html#ignoredBindings for an explanation.
Mar 04, 2025 11:19:53 AM org.openqa.selenium.devtools.CdpVersionFinder findNearestMatch
WARNING: Unable to find an exact match for CDP version 133, returning the closest version; found: 130; Please update to a Selenium version that supports CDP version 133
]]></system-err>
  </testcase>
  <testcase name="test" classname="Tests.TestDemo" time="0.139">
    <system-err><![CDATA[Mar 04, 2025 11:19:56 AM org.openqa.selenium.devtools.CdpVersionFinder findNearestMatch
WARNING: Unable to find an exact match for CDP version 133, returning the closest version; found: 130; Please update to a Selenium version that supports CDP version 133
]]></system-err>
  </testcase>
  <testcase name="tt" classname="Tests2.hh" time="0.002">
    <system-err><![CDATA[Mar 04, 2025 11:19:59 AM org.openqa.selenium.devtools.CdpVersionFinder findNearestMatch
WARNING: Unable to find an exact match for CDP version 133, returning the closest version; found: 130; Please update to a Selenium version that supports CDP version 133
]]></system-err>
  </testcase>
  <testcase name="te" classname="Tests2.MyTest" time="5.768">
    <system-err><![CDATA[Mar 04, 2025 11:20:02 AM org.openqa.selenium.devtools.CdpVersionFinder findNearestMatch
WARNING: Unable to find an exact match for CDP version 133, returning the closest version; found: 130; Please update to a Selenium version that supports CDP version 133
]]></system-err>
  </testcase>
</testsuite>