<?xml version="1.0" encoding="UTF-8"?>
<testng-results ignored="0" total="1" passed="1" failed="0" skipped="0">
  <reporter-output>
  </reporter-output>
  <suite started-at="2025-03-02T19:58:29 IST" name="Default suite" finished-at="2025-03-02T19:58:29 IST" duration-ms="63">
    <groups>
    </groups>
    <test started-at="2025-03-02T19:58:29 IST" name="Default test" finished-at="2025-03-02T19:58:29 IST" duration-ms="63">
      <class name="Tests.tt">
        <test-method signature="ff()[pri:0, instance:Tests.tt@38e79ae3]" started-at="2025-03-02T19:58:29 IST" name="ff" finished-at="2025-03-02T19:58:29 IST" duration-ms="10" status="PASS">
          <reporter-output>
          </reporter-output>
        </test-method> <!-- ff -->
      </class> <!-- Tests.tt -->
    </test> <!-- Default test -->
  </suite> <!-- Default suite -->
</testng-results>
